Microsoft (R) Macro Assembler Version 5.00                  4/16/9                                                             Page     1-1


 0000				DATA	SEGMENT 
 0000  0003 FFFC 0006 0007	BUF	DW  3,-4,6,7,9,2,0,-8,-9,-10,20 
       0009 0002 0000 FFF8	
       FFF7 FFF6 0014		
 = 000B					N = ($-BUF)/2 
 0016				DATA	ENDS 
 0000				STACK	SEGMENT STACK 
 0000  00C8[				DB  200 DUP(0) 
	   00			
			 ]	
				
 00C8				STACK	ENDS 
 0000				CODE	SEGMENT 
					ASSUME  CS:CODE,DS:DATA,SS:STACK 
 0000  B8 ---- R		START:	MOV	AX,DATA 
 0003  8E D8				MOV	DS,AX 
 0005  B9 000B				MOV	CX,N 
 0008  49				DEC	CX 
 0009  8B D1			LOOP1:	MOV	DX,CX 
 000B  BB 0000				MOV	BX,0 
 000E  8B 87 0000 R		LOOP2:	MOV	AX,BUF[BX] 
 0012  3B 87 0002 R			CMP	AX,BUF[BX+2] 
 0016  7D 08				JGE	L 
 0018  87 87 0002 R			XCHG	AX,BUF[BX+2] 
 001C  89 87 0000 R			MOV	BUF[BX],AX 
 0020  83 C3 02			L:	ADD	BX,2 
 0023  49				DEC	CX 
 0024  75 E8				JNE	LOOP2 
 0026  8B CA				MOV	CX,DX 
 0028  E2 DF				LOOP	LOOP1 
				 
 002A  B4 4C			MOV	AH,4CH 
 002C  CD 21				INT	21H 
 002E				CODE	ENDS 
					END	START 
Microsoft (R) Macro Assembler Version 5.00                  4/16/9                                                             Symbols-1


Segments and Groups:

                N a m e         	Length	 Align	Combine Class

CODE . . . . . . . . . . . . . .  	002E	PARA	NONE	
DATA . . . . . . . . . . . . . .  	0016	PARA	NONE	
STACK  . . . . . . . . . . . . .  	00C8	PARA	STACK	

Symbols:            

                N a m e         	Type	 Value	 Attr

BUF  . . . . . . . . . . . . . .  	L WORD	0000	DATA

L  . . . . . . . . . . . . . . .  	L NEAR	0020	CODE
LOOP1  . . . . . . . . . . . . .  	L NEAR	0009	CODE
LOOP2  . . . . . . . . . . . . .  	L NEAR	000E	CODE

N  . . . . . . . . . . . . . . .  	NUMBER	000B	

START  . . . . . . . . . . . . .  	L NEAR	0000	CODE

@FILENAME  . . . . . . . . . . .  	TEXT  4_7		


     30 Source  Lines
     30 Total   Lines
     11 Symbols

  49996 + 416468 Bytes symbol space free

      0 Warning Errors
      0 Severe  Errors
