Microsoft (R) Macro Assembler Version 5.00                  4/25/6                                                             Page     1-1


       1 0000				DATA    SEGMENT	 
       2 0000				DATA    ENDS 
       3 0000				STACK   SEGMENT  STACK PARA STACK 'STAC
					K'			 
       4 0000  0014[				BUFFER	DB	20 DUP(?) 
       5	    ??			
       6			 ]	
       7				
       8 0014				STACK  ENDS 
       9 0000				CODE   SEGMENT 
      10					ASSUME  DS:DATA,CS:CODE,SS:STAC
					K 
      11 0000  B8 ---- R		START:  MOV     AX, SEG DATA 
      12 0003  8E D8			        MOV     DS, AX 
      13 0005  8D 36 0000 R			LEA	SI,BUFFER 
      14 0009  BA 0000 R		        MOV     DX, OFFSET BUFFER 
      15 000C  B4 0A				MOV AH,0AH 
      16 000E  CD 21				INT 21H 
      17 0010  B4 4C				MOV AH,4CH 
      18 0012  CD 21				INT 21H 
      19 0014				CODE    ENDS 
      20				        END  START 
Microsoft (R) Macro Assembler Version 5.00                  4/25/6                                                             Symbols-1


Segments and Groups:

                N a m e         	Length	 Align	Combine Class

CODE . . . . . . . . . . . . . .  	0014	PARA	NONE	
DATA . . . . . . . . . . . . . .  	0000	PARA	NONE	
STACK  . . . . . . . . . . . . .  	0014	PARA	STACK	'STACK'

Symbols:            

                N a m e         	Type	 Value	 Attr

BUFFER . . . . . . . . . . . . .  	L BYTE	0000	STACK	Length = 0014

START  . . . . . . . . . . . . .  	L NEAR	0000	CODE

@FILENAME  . . . . . . . . . . .  	TEXT  F0A		


     17 Source  Lines
     17 Total   Lines
      7 Symbols

  49558 + 451434 Bytes symbol space free

      0 Warning Errors
      0 Severe  Errors
